This is pdfTeX, Version 3.14159265-2.6-1.40.18 (TeX Live 2017) (preloaded format=latex 2017.5.23)  21 DEC 2018 22:29
entering extended mode
 restricted \write18 enabled.
 %&-line parsing enabled.
**achemso.dtx
(./achemso.dtx
LaTeX2e <2017-04-15>
Babel <3.10> and hyphenation patterns for 84 language(s) loaded.
(/usr/local/texlive/2017/texmf-dist/tex/latex/base/docstrip.tex
\blockLevel=\count79
\emptyLines=\count80
\processedLines=\count81
\commentsRemoved=\count82
\commentsPassed=\count83
\codeLinesPassed=\count84
\TotalprocessedLines=\count85
\TotalcommentsRemoved=\count86
\TotalcommentsPassed=\count87
\TotalcodeLinesPassed=\count88
\NumberOfFiles=\count89
\inFile=\read1
\inputcheck=\read2
\off@0=\count90
\off@1=\count91
\off@2=\count92
\off@3=\count93
\off@4=\count94
\off@5=\count95
\off@6=\count96
\off@7=\count97
\off@8=\count98
\off@9=\count99
\off@10=\count100
\off@11=\count101
\off@12=\count102
\off@13=\count103
\off@14=\count104
\off@15=\count105
\@maxfiles=\count106
\@maxoutfiles=\count107

Utility: `docstrip' 2.5e <2014/09/29>
English documentation    <2017/03/13>

**********************************************************
* This program converts documented macro-files into fast *
* loadable files by stripping off (nearly) all comments! *
**********************************************************

********************************************************
* No Configuration file found, using default settings. *
********************************************************

)

Generating file(s) ./achemso.cls ./achemso.sty ./natmove.sty 
\openout0 = `./achemso.cls'.

\openout1 = `./achemso.sty'.

\openout2 = `./natmove.sty'.


Processing file achemso.dtx (class) -> achemso.cls
                            (package) -> achemso.sty
                            (natmove) -> natmove.sty
Lines  processed: 6012
Comments removed: 1943
Comments  passed: 0
Codelines passed: 3904


Generating file(s) ./achemso-aaembp.cfg ./achemso-aaemcq.cfg ./achemso-aamick.c
fg ./achemso-aanmf6.cfg ./achemso-aapmcd.cfg ./achemso-abseba.cfg ./achemso-acc
acs.cfg ./achemso-achre4.cfg 
\openout0 = `./achemso-aaembp.cfg'.

\openout1 = `./achemso-aaemcq.cfg'.

\openout2 = `./achemso-aamick.cfg'.

\openout3 = `./achemso-aanmf6.cfg'.

\openout4 = `./achemso-aapmcd.cfg'.

\openout5 = `./achemso-abseba.cfg'.

\openout6 = `./achemso-accacs.cfg'.

\openout7 = `./achemso-achre4.cfg'.


Processing file achemso.dtx (aaembp) -> achemso-aaembp.cfg
                            (aaemcq) -> achemso-aaemcq.cfg
                            (aamick) -> achemso-aamick.cfg
                            (aanmf6) -> achemso-aanmf6.cfg
                            (aapmcd) -> achemso-aapmcd.cfg
                            (abseba) -> achemso-abseba.cfg
                            (accacs) -> achemso-accacs.cfg
                            (achre4) -> achemso-achre4.cfg
Lines  processed: 6012
Comments removed: 1943
Comments  passed: 0
Codelines passed: 3904


Generating file(s) ./achemso-acscii.cfg ./achemso-acbcct.cfg ./achemso-acncdm.c
fg ./achemso-acsccc.cfg ./achemso-aesccq.cfg ./achemso-aelccp.cfg ./achemso-asc
efj.cfg ./achemso-amlccd.cfg 
\openout0 = `./achemso-acscii.cfg'.

\openout1 = `./achemso-acbcct.cfg'.

\openout2 = `./achemso-acncdm.cfg'.

\openout3 = `./achemso-acsccc.cfg'.

\openout4 = `./achemso-aesccq.cfg'.

\openout5 = `./achemso-aelccp.cfg'.

\openout6 = `./achemso-ascefj.cfg'.

\openout7 = `./achemso-amlccd.cfg'.


Processing file achemso.dtx (acscii) -> achemso-acscii.cfg
                            (acbcct) -> achemso-acbcct.cfg
                            (acncdm) -> achemso-acncdm.cfg
                            (acsccc) -> achemso-acsccc.cfg
                            (aesccq) -> achemso-aesccq.cfg
                            (aelccp) -> achemso-aelccp.cfg
                            (ascefj) -> achemso-ascefj.cfg
                            (amlccd) -> achemso-amlccd.cfg
Lines  processed: 6012
Comments removed: 1943
Comments  passed: 0
Codelines passed: 3904


Generating file(s) ./achemso-amclct.cfg ./achemso-ancac3.cfg ./achemso-acsodf.c
fg ./achemso-apchd5.cfg ./achemso-aidcbc.cfg ./achemso-ascecg.cfg ./achemso-asb
cd6.cfg ./achemso-ancham.cfg 
\openout0 = `./achemso-amclct.cfg'.

\openout1 = `./achemso-ancac3.cfg'.

\openout2 = `./achemso-acsodf.cfg'.

\openout3 = `./achemso-apchd5.cfg'.

\openout4 = `./achemso-aidcbc.cfg'.

\openout5 = `./achemso-ascecg.cfg'.

\openout6 = `./achemso-asbcd6.cfg'.

\openout7 = `./achemso-ancham.cfg'.


Processing file achemso.dtx (amclct) -> achemso-amclct.cfg
                            (ancac3) -> achemso-ancac3.cfg
                            (acsodf) -> achemso-acsodf.cfg
                            (apchd5) -> achemso-apchd5.cfg
                            (aidcbc) -> achemso-aidcbc.cfg
                            (ascecg) -> achemso-ascecg.cfg
                            (asbcd6) -> achemso-asbcd6.cfg
                            (ancham) -> achemso-ancham.cfg
Lines  processed: 6012
Comments removed: 1943
Comments  passed: 0
Codelines passed: 3904


Generating file(s) ./achemso-bichaw.cfg ./achemso-bcches.cfg ./achemso-bomaf6.c
fg ./achemso-crtoec.cfg ./achemso-chreay.cfg ./achemso-cmatex.cfg ./achemso-cgd
efu.cfg ./achemso-enfuem.cfg 
\openout0 = `./achemso-bichaw.cfg'.

\openout1 = `./achemso-bcches.cfg'.

\openout2 = `./achemso-bomaf6.cfg'.

\openout3 = `./achemso-crtoec.cfg'.

\openout4 = `./achemso-chreay.cfg'.

\openout5 = `./achemso-cmatex.cfg'.

\openout6 = `./achemso-cgdefu.cfg'.

\openout7 = `./achemso-enfuem.cfg'.


Processing file achemso.dtx (bichaw) -> achemso-bichaw.cfg
                            (bcches) -> achemso-bcches.cfg
                            (bomaf6) -> achemso-bomaf6.cfg
                            (crtoec) -> achemso-crtoec.cfg
                            (chreay) -> achemso-chreay.cfg
                            (cmatex) -> achemso-cmatex.cfg
                            (cgdefu) -> achemso-cgdefu.cfg
                            (enfuem) -> achemso-enfuem.cfg
Lines  processed: 6012
Comments removed: 1943
Comments  passed: 0
Codelines passed: 3904


Generating file(s) ./achemso-esthag.cfg ./achemso-estlcu.cfg ./achemso-iecred.c
fg ./achemso-inoraj.cfg ./achemso-jafcau.cfg ./achemso-jceda8.cfg ./achemso-jce
aax.cfg ./achemso-jcisd8.cfg 
\openout0 = `./achemso-esthag.cfg'.

\openout1 = `./achemso-estlcu.cfg'.

\openout2 = `./achemso-iecred.cfg'.

\openout3 = `./achemso-inoraj.cfg'.

\openout4 = `./achemso-jafcau.cfg'.

\openout5 = `./achemso-jceda8.cfg'.

\openout6 = `./achemso-jceaax.cfg'.

\openout7 = `./achemso-jcisd8.cfg'.


Processing file achemso.dtx (esthag) -> achemso-esthag.cfg
                            (estlcu) -> achemso-estlcu.cfg
                            (iecred) -> achemso-iecred.cfg
                            (inoraj) -> achemso-inoraj.cfg
                            (jafcau) -> achemso-jafcau.cfg
                            (jceda8) -> achemso-jceda8.cfg
                            (jceaax) -> achemso-jceaax.cfg
                            (jcisd8) -> achemso-jcisd8.cfg
Lines  processed: 6012
Comments removed: 1943
Comments  passed: 0
Codelines passed: 3904


Generating file(s) ./achemso-jctcce.cfg ./achemso-jmcmar.cfg ./achemso-jnprdf.c
fg ./achemso-joceah.cfg ./achemso-jpcafh.cfg ./achemso-jpcbfk.cfg ./achemso-jpc
cck.cfg ./achemso-jpclcd.cfg 
\openout0 = `./achemso-jctcce.cfg'.

\openout1 = `./achemso-jmcmar.cfg'.

\openout2 = `./achemso-jnprdf.cfg'.

\openout3 = `./achemso-joceah.cfg'.

\openout4 = `./achemso-jpcafh.cfg'.

\openout5 = `./achemso-jpcbfk.cfg'.

\openout6 = `./achemso-jpccck.cfg'.

\openout7 = `./achemso-jpclcd.cfg'.


Processing file achemso.dtx (jctcce) -> achemso-jctcce.cfg
                            (jmcmar) -> achemso-jmcmar.cfg
                            (jnprdf) -> achemso-jnprdf.cfg
                            (joceah) -> achemso-joceah.cfg
                            (jpcafh) -> achemso-jpcafh.cfg
                            (jpcbfk) -> achemso-jpcbfk.cfg
                            (jpccck) -> achemso-jpccck.cfg
                            (jpclcd) -> achemso-jpclcd.cfg
Lines  processed: 6012
Comments removed: 1943
Comments  passed: 0
Codelines passed: 3904


Generating file(s) ./achemso-jprobs.cfg ./achemso-jacsat.cfg ./achemso-langd5.c
fg ./achemso-mamobx.cfg ./achemso-mpohbp.cfg ./achemso-nalefd.cfg ./achemso-orl
ef7.cfg ./achemso-oprdfk.cfg 
\openout0 = `./achemso-jprobs.cfg'.

\openout1 = `./achemso-jacsat.cfg'.

\openout2 = `./achemso-langd5.cfg'.

\openout3 = `./achemso-mamobx.cfg'.

\openout4 = `./achemso-mpohbp.cfg'.

\openout5 = `./achemso-nalefd.cfg'.

\openout6 = `./achemso-orlef7.cfg'.

\openout7 = `./achemso-oprdfk.cfg'.


Processing file achemso.dtx (jprobs) -> achemso-jprobs.cfg
                            (jacsat) -> achemso-jacsat.cfg
                            (langd5) -> achemso-langd5.cfg
                            (mamobx) -> achemso-mamobx.cfg
                            (mpohbp) -> achemso-mpohbp.cfg
                            (nalefd) -> achemso-nalefd.cfg
                            (orlef7) -> achemso-orlef7.cfg
                            (oprdfk) -> achemso-oprdfk.cfg
Lines  processed: 6012
Comments removed: 1943
Comments  passed: 0
Codelines passed: 3904


Generating file(s) ./achemso-orgnd7.cfg 
\openout0 = `./achemso-orgnd7.cfg'.


Processing file achemso.dtx (orgnd7) -> achemso-orgnd7.cfg
Lines  processed: 6012
Comments removed: 1943
Comments  passed: 0
Codelines passed: 3904


Generating file(s) ./achemso.bst ./biochem.bst 
\openout0 = `./achemso.bst'.

\openout1 = `./biochem.bst'.


Processing file achemso.dtx (bst) -> achemso.bst
                            (bst,bio) -> biochem.bst
Lines  processed: 6012
Comments removed: 1943
Comments  passed: 0
Codelines passed: 3904


Generating file(s) ./achemso.ins 
\openout0 = `./achemso.ins'.


Processing file achemso.dtx (install) -> achemso.ins
Lines  processed: 6012
Comments removed: 1943
Comments  passed: 0
Codelines passed: 3904

(/usr/local/texlive/2017/texmf-dist/tex/latex/base/ltxdoc.cls
Document Class: ltxdoc 2017/03/13 v2.0v Standard LaTeX documentation class
(/usr/local/texlive/2017/texmf-dist/tex/latex/base/article.cls
Document Class: article 2014/09/29 v1.4h Standard LaTeX document class
(/usr/local/texlive/2017/texmf-dist/tex/latex/base/size10.clo
File: size10.clo 2014/09/29 v1.4h Standard LaTeX file (size option)
)
\c@part=\count108
\c@section=\count109
\c@subsection=\count110
\c@subsubsection=\count111
\c@paragraph=\count112
\c@subparagraph=\count113
\c@figure=\count114
\c@table=\count115
\abovecaptionskip=\skip41
\belowcaptionskip=\skip42
\bibindent=\dimen102
)
(/usr/local/texlive/2017/texmf-dist/tex/latex/base/doc.sty
Package: doc 2016/02/15 v2.1g Standard LaTeX documentation package (FMi)
\c@StandardModuleDepth=\count116
\guard@level=\count117
\MacrocodeTopsep=\skip43
\MacroIndent=\dimen103
\macro@cnt=\count118
\MacroTopsep=\skip44
\index@excludelist=\toks14

(/usr/local/texlive/2017/texmf-dist/tex/latex/tools/multicol.sty
Package: multicol 2017/04/11 v1.8q multicolumn formatting (FMi)
\c@tracingmulticols=\count119
\mult@box=\box26
\multicol@leftmargin=\dimen104
\c@unbalance=\count120
\c@collectmore=\count121
\doublecol@number=\count122
\multicoltolerance=\count123
\multicolpretolerance=\count124
\full@width=\dimen105
\page@free=\dimen106
\premulticols=\dimen107
\postmulticols=\dimen108
\multicolsep=\skip45
\multicolbaselineskip=\skip46
\partial@page=\box27
\last@line=\box28
\maxbalancingoverflow=\dimen109
\mult@rightbox=\box29
\mult@grightbox=\box30
\mult@gfirstbox=\box31
\mult@firstbox=\box32
\@tempa=\box33
\@tempa=\box34
\@tempa=\box35
\@tempa=\box36
\@tempa=\box37
\@tempa=\box38
\@tempa=\box39
\@tempa=\box40
\@tempa=\box41
\@tempa=\box42
\@tempa=\box43
\@tempa=\box44
\@tempa=\box45
\@tempa=\box46
\@tempa=\box47
\@tempa=\box48
\@tempa=\box49
\c@columnbadness=\count125
\c@finalcolumnbadness=\count126
\last@try=\dimen110
\multicolovershoot=\dimen111
\multicolundershoot=\dimen112
\mult@nat@firstbox=\box50
\colbreak@box=\box51
\mc@col@check@num=\count127
)
\IndexMin=\dimen113
\c@IndexColumns=\count128
\GlossaryMin=\dimen114
\c@GlossaryColumns=\count129
\check@sum=\count130
\bslash@cnt=\count131
\wrong@table=\toks15
\c@CodelineNo=\count132
))
(./achemso.sty
Package: achemso 2018/09/15 v3.12 Support for ACS journals
Package achemso Info: When writing a submission to an ACS journal, please
(achemso)             use the achemso document class on input line 30.

(/usr/local/texlive/2017/texmf-dist/tex/latex/xkeyval/xkeyval.sty
Package: xkeyval 2014/12/03 v2.7a package option processing (HA)

(/usr/local/texlive/2017/texmf-dist/tex/generic/xkeyval/xkeyval.tex
(/usr/local/texlive/2017/texmf-dist/tex/generic/xkeyval/xkvutils.tex
\XKV@toks=\toks16
\XKV@tempa@toks=\toks17

(/usr/local/texlive/2017/texmf-dist/tex/generic/xkeyval/keyval.tex))
\XKV@depth=\count133
File: xkeyval.tex 2014/12/03 v2.7a key=value parser (HA)
))
\acs@bib@file=\write3

(/usr/local/texlive/2017/texmf-dist/tex/latex/natbib/natbib.sty
Package: natbib 2010/09/13 8.31b (PWD, AO)
\bibhang=\skip47
\bibsep=\skip48
LaTeX Info: Redefining \cite on input line 694.
\c@NAT@ctr=\count134
) (./natmove.sty
Package: natmove 2010/01/15 v1.1a Automatic citation moving with natbib
) (/usr/local/texlive/2017/texmf-dist/tex/latex/mciteplus/mciteplus.sty
Package: mciteplus 2013/09/13 v1.2 enhanced mcite
\@mcitetmptoksA=\toks18
\@mcitetmpdima=\dimen115
\@mcitetmpdimb=\dimen116
\@mcitetmpcnta=\count135
\@mcitetmpcntb=\count136
\c@mcitebibitemcount=\count137
\c@mcitesubitemcount=\count138

** mciteplus: Detected natbib.sty. Invoking hooks.
)) (/usr/local/texlive/2017/texmf-dist/tex/latex/tools/array.sty
Package: array 2016/10/06 v2.4d Tabular extension package (FMi)
\col@sep=\dimen117
\extrarowheight=\dimen118
\NC@list=\toks19
\extratabsurround=\skip49
\backup@length=\skip50
)
(/usr/local/texlive/2017/texmf-dist/tex/latex/booktabs/booktabs.sty
Package: booktabs 2016/04/27 v1.618033 publication quality tables
\heavyrulewidth=\dimen119
\lightrulewidth=\dimen120
\cmidrulewidth=\dimen121
\belowrulesep=\dimen122
\belowbottomsep=\dimen123
\aboverulesep=\dimen124
\abovetopsep=\dimen125
\cmidrulesep=\dimen126
\cmidrulekern=\dimen127
\defaultaddspace=\dimen128
\@cmidla=\count139
\@cmidlb=\count140
\@aboverulesep=\dimen129
\@belowrulesep=\dimen130
\@thisruleclass=\count141
\@lastruleclass=\count142
\@thisrulewidth=\dimen131
)
(/usr/local/texlive/2017/texmf-dist/tex/latex/lm/lmodern.sty
Package: lmodern 2009/10/30 v1.6 Latin Modern Fonts
LaTeX Font Info:    Overwriting symbol font `operators' in version `normal'
(Font)                  OT1/cmr/m/n --> OT1/lmr/m/n on input line 22.
LaTeX Font Info:    Overwriting symbol font `letters' in version `normal'
(Font)                  OML/cmm/m/it --> OML/lmm/m/it on input line 23.
LaTeX Font Info:    Overwriting symbol font `symbols' in version `normal'
(Font)                  OMS/cmsy/m/n --> OMS/lmsy/m/n on input line 24.
LaTeX Font Info:    Overwriting symbol font `largesymbols' in version `normal'
(Font)                  OMX/cmex/m/n --> OMX/lmex/m/n on input line 25.
LaTeX Font Info:    Overwriting symbol font `operators' in version `bold'
(Font)                  OT1/cmr/bx/n --> OT1/lmr/bx/n on input line 26.
LaTeX Font Info:    Overwriting symbol font `letters' in version `bold'
(Font)                  OML/cmm/b/it --> OML/lmm/b/it on input line 27.
LaTeX Font Info:    Overwriting symbol font `symbols' in version `bold'
(Font)                  OMS/cmsy/b/n --> OMS/lmsy/b/n on input line 28.
LaTeX Font Info:    Overwriting symbol font `largesymbols' in version `bold'
(Font)                  OMX/cmex/m/n --> OMX/lmex/m/n on input line 29.
LaTeX Font Info:    Overwriting math alphabet `\mathbf' in version `normal'
(Font)                  OT1/cmr/bx/n --> OT1/lmr/bx/n on input line 31.
LaTeX Font Info:    Overwriting math alphabet `\mathsf' in version `normal'
(Font)                  OT1/cmss/m/n --> OT1/lmss/m/n on input line 32.
LaTeX Font Info:    Overwriting math alphabet `\mathit' in version `normal'
(Font)                  OT1/cmr/m/it --> OT1/lmr/m/it on input line 33.
LaTeX Font Info:    Overwriting math alphabet `\mathtt' in version `normal'
(Font)                  OT1/cmtt/m/n --> OT1/lmtt/m/n on input line 34.
LaTeX Font Info:    Overwriting math alphabet `\mathbf' in version `bold'
(Font)                  OT1/cmr/bx/n --> OT1/lmr/bx/n on input line 35.
LaTeX Font Info:    Overwriting math alphabet `\mathsf' in version `bold'
(Font)                  OT1/cmss/bx/n --> OT1/lmss/bx/n on input line 36.
LaTeX Font Info:    Overwriting math alphabet `\mathit' in version `bold'
(Font)                  OT1/cmr/bx/it --> OT1/lmr/bx/it on input line 37.
LaTeX Font Info:    Overwriting math alphabet `\mathtt' in version `bold'
(Font)                  OT1/cmtt/m/n --> OT1/lmtt/m/n on input line 38.
)
(/usr/local/texlive/2017/texmf-dist/tex/latex/psnfss/mathpazo.sty
Package: mathpazo 2005/04/12 PSNFSS-v9.2a Palatino w/ Pazo Math (D.Puga, WaS) 
\symupright=\mathgroup4
)
(/usr/local/texlive/2017/texmf-dist/tex/latex/psnfss/helvet.sty
Package: helvet 2005/04/12 PSNFSS-v9.2a (WaS) 
)
(/usr/local/texlive/2017/texmf-dist/tex/latex/listings/listings.sty
\lst@mode=\count143
\lst@gtempboxa=\box52
\lst@token=\toks20
\lst@length=\count144
\lst@currlwidth=\dimen132
\lst@column=\count145
\lst@pos=\count146
\lst@lostspace=\dimen133
\lst@width=\dimen134
\lst@newlines=\count147
\lst@lineno=\count148
\lst@maxwidth=\dimen135

(/usr/local/texlive/2017/texmf-dist/tex/latex/listings/lstmisc.sty
File: lstmisc.sty 2015/06/04 1.6 (Carsten Heinz)
\c@lstnumber=\count149
\lst@skipnumbers=\count150
\lst@framebox=\box53
)
(/usr/local/texlive/2017/texmf-dist/tex/latex/listings/listings.cfg
File: listings.cfg 2015/06/04 1.6 listings configuration
))
Package: listings 2015/06/04 1.6 (Carsten Heinz)

(/usr/local/texlive/2017/texmf-dist/tex/latex/microtype/microtype.sty
Package: microtype 2016/05/14 v2.6a Micro-typographical refinements (RS)
\MT@toks=\toks21
\MT@count=\count151
LaTeX Info: Redefining \textls on input line 774.
\MT@outer@kern=\dimen136
LaTeX Info: Redefining \textmicrotypecontext on input line 1310.
\MT@listname@count=\count152

(/usr/local/texlive/2017/texmf-dist/tex/latex/microtype/microtype-pdftex.def
File: microtype-pdftex.def 2016/05/14 v2.6a Definitions specific to pdftex (RS)

LaTeX Info: Redefining \lsstyle on input line 916.
LaTeX Info: Redefining \lslig on input line 916.
\MT@outer@space=\skip51
)
Package microtype Info: Loading configuration file microtype.cfg.

(/usr/local/texlive/2017/texmf-dist/tex/latex/microtype/microtype.cfg
File: microtype.cfg 2016/05/14 v2.6a microtype main configuration file (RS)
))
(/usr/local/texlive/2017/texmf-dist/tex/latex/base/fontenc.sty
Package: fontenc 2017/04/05 v2.0i Standard LaTeX package

(/usr/local/texlive/2017/texmf-dist/tex/latex/base/t1enc.def
File: t1enc.def 2017/04/05 v2.0i Standard LaTeX file
LaTeX Font Info:    Redeclaring font encoding T1 on input line 48.
))
(/usr/local/texlive/2017/texmf-dist/tex/latex/oberdiek/hypdoc.sty
Package: hypdoc 2016/10/02 v1.13 Hyper extensions for doc.sty (HO)

(/usr/local/texlive/2017/texmf-dist/tex/latex/oberdiek/atveryend.sty
Package: atveryend 2016/05/16 v1.9 Hooks at the very end of document (HO)
Package atveryend Info: \enddocument detected (standard20110627).
)
(/usr/local/texlive/2017/texmf-dist/tex/latex/hyperref/hyperref.sty
Package: hyperref 2017/03/14 v6.85a Hypertext links for LaTeX

(/usr/local/texlive/2017/texmf-dist/tex/generic/oberdiek/hobsub-hyperref.sty
Package: hobsub-hyperref 2016/05/16 v1.14 Bundle oberdiek, subset hyperref (HO)


(/usr/local/texlive/2017/texmf-dist/tex/generic/oberdiek/hobsub-generic.sty
Package: hobsub-generic 2016/05/16 v1.14 Bundle oberdiek, subset generic (HO)
Package: hobsub 2016/05/16 v1.14 Construct package bundles (HO)
Package: infwarerr 2016/05/16 v1.4 Providing info/warning/error messages (HO)
Package: ltxcmds 2016/05/16 v1.23 LaTeX kernel commands for general use (HO)
Package: ifluatex 2016/05/16 v1.4 Provides the ifluatex switch (HO)
Package ifluatex Info: LuaTeX not detected.
Package: ifvtex 2016/05/16 v1.6 Detect VTeX and its facilities (HO)
Package ifvtex Info: VTeX not detected.
Package: intcalc 2016/05/16 v1.2 Expandable calculations with integers (HO)
Package: ifpdf 2017/03/15 v3.2 Provides the ifpdf switch
Package: etexcmds 2016/05/16 v1.6 Avoid name clashes with e-TeX commands (HO)
Package etexcmds Info: Could not find \expanded.
(etexcmds)             That can mean that you are not using pdfTeX 1.50 or
(etexcmds)             that some package has redefined \expanded.
(etexcmds)             In the latter case, load this package earlier.
Package: kvsetkeys 2016/05/16 v1.17 Key value parser (HO)
Package: kvdefinekeys 2016/05/16 v1.4 Define keys (HO)
Package: pdftexcmds 2017/03/19 v0.25 Utility functions of pdfTeX for LuaTeX (HO
)
Package pdftexcmds Info: LuaTeX not detected.
Package pdftexcmds Info: \pdf@primitive is available.
Package pdftexcmds Info: \pdf@ifprimitive is available.
Package pdftexcmds Info: \pdfdraftmode is ignored in DVI mode.
Package: pdfescape 2016/05/16 v1.14 Implements pdfTeX's escape features (HO)
Package: bigintcalc 2016/05/16 v1.4 Expandable calculations on big integers (HO
)
Package: bitset 2016/05/16 v1.2 Handle bit-vector datatype (HO)
Package: uniquecounter 2016/05/16 v1.3 Provide unlimited unique counter (HO)
)
Package hobsub Info: Skipping package `hobsub' (already loaded).
Package: letltxmacro 2016/05/16 v1.5 Let assignment for LaTeX macros (HO)
Package: hopatch 2016/05/16 v1.3 Wrapper for package hooks (HO)
Package: xcolor-patch 2016/05/16 xcolor patch
Package hobsub Info: Skipping package `atveryend' (already loaded).
Package: atbegshi 2016/06/09 v1.18 At begin shipout hook (HO)
Package: refcount 2016/05/16 v3.5 Data extraction from label references (HO)
Package: hycolor 2016/05/16 v1.8 Color options for hyperref/bookmark (HO)
)
(/usr/local/texlive/2017/texmf-dist/tex/generic/ifxetex/ifxetex.sty
Package: ifxetex 2010/09/12 v0.6 Provides ifxetex conditional
)
(/usr/local/texlive/2017/texmf-dist/tex/latex/oberdiek/auxhook.sty
Package: auxhook 2016/05/16 v1.4 Hooks for auxiliary files (HO)
)
(/usr/local/texlive/2017/texmf-dist/tex/latex/oberdiek/kvoptions.sty
Package: kvoptions 2016/05/16 v3.12 Key value format for package options (HO)
)
\@linkdim=\dimen137
\Hy@linkcounter=\count153
\Hy@pagecounter=\count154

(/usr/local/texlive/2017/texmf-dist/tex/latex/hyperref/pd1enc.def
File: pd1enc.def 2017/03/14 v6.85a Hyperref: PDFDocEncoding definition (HO)
)
\Hy@SavedSpaceFactor=\count155

(/usr/local/texlive/2017/texmf-dist/tex/latex/latexconfig/hyperref.cfg
File: hyperref.cfg 2002/06/06 v1.2 hyperref configuration of TeXLive
)
Package hyperref Info: Option `hyperindex' set `false' on input line 4374.
Package hyperref Info: Option `pdfusetitle' set `true' on input line 4374.
Package hyperref Info: Option `colorlinks' set `true' on input line 4374.
Package hyperref Info: Option `pdfpagelabels' set `true' on input line 4374.
Package hyperref Info: Hyper figures OFF on input line 4498.
Package hyperref Info: Link nesting OFF on input line 4503.
Package hyperref Info: Hyper index OFF on input line 4508.
Package hyperref Info: Plain pages OFF on input line 4513.
Package hyperref Info: Backreferencing OFF on input line 4518.
Package hyperref Info: Implicit mode ON; LaTeX internals redefined.
Package hyperref Info: Bookmarks ON on input line 4751.
\c@Hy@tempcnt=\count156

(/usr/local/texlive/2017/texmf-dist/tex/latex/url/url.sty
\Urlmuskip=\muskip10
Package: url 2013/09/16  ver 3.4  Verb mode for urls, etc.
)
LaTeX Info: Redefining \url on input line 5104.
\XeTeXLinkMargin=\dimen138
\Fld@menulength=\count157
\Field@Width=\dimen139
\Fld@charsize=\dimen140
Package hyperref Info: Hyper figures OFF on input line 6358.
Package hyperref Info: Link nesting OFF on input line 6363.
Package hyperref Info: Hyper index OFF on input line 6368.
Package hyperref Info: backreferencing OFF on input line 6373.
Package hyperref Info: Link coloring ON on input line 6376.
Package hyperref Info: Link coloring with OCG OFF on input line 6383.
Package hyperref Info: PDF/A mode OFF on input line 6388.
LaTeX Info: Redefining \ref on input line 6428.
LaTeX Info: Redefining \pageref on input line 6432.
\Hy@abspage=\count158
\c@Item=\count159
\c@Hfootnote=\count160
)

Package hyperref Message: Driver (default): hdvips.

(/usr/local/texlive/2017/texmf-dist/tex/latex/hyperref/hdvips.def
File: hdvips.def 2017/03/14 v6.85a Hyperref driver for dvips

(/usr/local/texlive/2017/texmf-dist/tex/latex/hyperref/pdfmark.def
File: pdfmark.def 2017/03/14 v6.85a Hyperref definitions for pdfmark specials
\pdf@docset=\toks22
\pdf@box=\box54
\pdf@toks=\toks23
\pdf@defaulttoks=\toks24
\HyField@AnnotCount=\count161
\Fld@listcount=\count162
\c@bookmark@seq@number=\count163

(/usr/local/texlive/2017/texmf-dist/tex/latex/oberdiek/rerunfilecheck.sty
Package: rerunfilecheck 2016/05/16 v1.8 Rerun checks for auxiliary files (HO)
Package uniquecounter Info: New unique counter `rerunfilecheck' on input line 2
82.
)
\Hy@SectionHShift=\skip52
))
Package hyperref Info: Option `plainpages' set `false' on input line 60.
Package hyperref Info: Option `bookmarksopen' set `true' on input line 60.
Package hyperref Info: Option `bookmarksnumbered' set `true' on input line 60.

(/usr/local/texlive/2017/texmf-dist/tex/generic/thumbpdf/thumbpdf.sty
Package: thumbpdf 2014/07/15 v3.16 Inclusion of thumbnails (HO)


Package thumbpdf Warning: Missing driver name.

)
\c@HD@unique=\count164
\c@HD@hypercount=\count165
\HD@helplength=\skip53
)
\@indexfile=\write4
\openout4 = `achemso.idx'.


Writing index file achemso.idx
\@glossaryfile=\write5
\openout5 = `achemso.glo'.

Writing glossary file achemso.glo 
(./achemso.aux
LaTeX Font Info:    Try loading font information for T1+pplj on input line 62.
 (/usr/local/texlive/2017/texmf-dist/tex/latex/psnfss/t1pplj.fd
File: t1pplj.fd 2004/09/06 font definitions for T1/pplj.
))
\openout1 = `achemso.aux'.

LaTeX Font Info:    Checking defaults for OML/cmm/m/it on input line 160.
LaTeX Font Info:    ... okay on input line 160.
LaTeX Font Info:    Checking defaults for T1/cmr/m/n on input line 160.
LaTeX Font Info:    ... okay on input line 160.
LaTeX Font Info:    Checking defaults for OT1/cmr/m/n on input line 160.
LaTeX Font Info:    ... okay on input line 160.
LaTeX Font Info:    Checking defaults for OMS/cmsy/m/n on input line 160.
LaTeX Font Info:    ... okay on input line 160.
LaTeX Font Info:    Checking defaults for OMX/cmex/m/n on input line 160.
LaTeX Font Info:    ... okay on input line 160.
LaTeX Font Info:    Checking defaults for U/cmr/m/n on input line 160.
LaTeX Font Info:    ... okay on input line 160.
LaTeX Font Info:    Checking defaults for PD1/pdf/m/n on input line 160.
LaTeX Font Info:    ... okay on input line 160.
Package doc Info: Made | a short reference for \verb on input line 160.
\openout3 = `acs-achemso.bib'.

\c@bibnote=\count166
\big@size=\dimen141
\c@lstlisting=\count167
LaTeX Info: Redefining \microtypecontext on input line 160.
Package microtype Info: Generating DVI output.
Package microtype Info: Character protrusion enabled (level 2).
Package microtype Info: Using default protrusion set `alltext'.
Package microtype Info: No font expansion.
Package microtype Info: No adjustment of tracking.
Package microtype Info: No adjustment of interword spacing.
Package microtype Info: No adjustment of character kerning.
(/usr/local/texlive/2017/texmf-dist/tex/latex/microtype/mt-ppl.cfg
File: mt-ppl.cfg 2005/11/16 v1.6 microtype config. file: Palatino (RS)
)
\AtBeginShipoutBox=\box55

(/usr/local/texlive/2017/texmf-dist/tex/latex/graphics/color.sty
Package: color 2016/07/10 v1.1e Standard LaTeX Color (DPC)

(/usr/local/texlive/2017/texmf-dist/tex/latex/graphics-cfg/color.cfg
File: color.cfg 2016/01/02 v1.6 sample color configuration
)
Package color Info: Driver file: dvips.def on input line 147.

(/usr/local/texlive/2017/texmf-dist/tex/latex/graphics-def/dvips.def
File: dvips.def 2016/07/10 v3.1a Driver-dependent file (DPC,SPQR)
)
(/usr/local/texlive/2017/texmf-dist/tex/latex/graphics/dvipsnam.def
File: dvipsnam.def 2016/06/17 v3.0m Driver-dependent file (DPC,SPQR)
))
Package hyperref Info: Link coloring ON on input line 160.

(/usr/local/texlive/2017/texmf-dist/tex/latex/hyperref/nameref.sty
Package: nameref 2016/05/21 v2.44 Cross-referencing by name of section

(/usr/local/texlive/2017/texmf-dist/tex/generic/oberdiek/gettitlestring.sty
Package: gettitlestring 2016/05/16 v1.5 Cleanup title references (HO)
)
\c@section@level=\count168
)
LaTeX Info: Redefining \ref on input line 160.
LaTeX Info: Redefining \pageref on input line 160.
LaTeX Info: Redefining \nameref on input line 160.

(./achemso.out) (./achemso.out)
\@outlinefile=\write6
\openout6 = `achemso.out'.

 (./achemso.hd)
\HD@savedest@out=\write7
\openout7 = `achemso.hd'.

 (./achemso.dtx
(/usr/local/texlive/2017/texmf-dist/tex/latex/listings/lstmisc.sty
File: lstmisc.sty 2015/06/04 1.6 (Carsten Heinz)
\lst@WFtoken=\toks25
\lst@WF=\write8
)
\LaTeXdemo@box=\box56
LaTeX Font Info:    Try loading font information for T1+phv on input line 301.

(/usr/local/texlive/2017/texmf-dist/tex/latex/psnfss/t1phv.fd
File: t1phv.fd 2001/06/04 scalable font definitions for T1/phv.
)
LaTeX Font Info:    Font shape `T1/phv/m/n' will be
(Font)              scaled to size 16.41594pt on input line 301.
Package microtype Info: Loading generic settings for font family
(microtype)             `phv' (encoding: T1).
(microtype)             For optimal results, create family-specific settings.
(microtype)             See the microtype manual for details.
LaTeX Font Info:    Try loading font information for OT1+ppl on input line 301.


(/usr/local/texlive/2017/texmf-dist/tex/latex/psnfss/ot1ppl.fd
File: ot1ppl.fd 2001/06/04 font definitions for OT1/ppl.
)
LaTeX Font Info:    Try loading font information for OML+zplm on input line 301
.

(/usr/local/texlive/2017/texmf-dist/tex/latex/psnfss/omlzplm.fd
File: omlzplm.fd 2002/09/08 Fontinst v1.914 font definitions for OML/zplm.
)
LaTeX Font Info:    Try loading font information for OMS+zplm on input line 301
.

(/usr/local/texlive/2017/texmf-dist/tex/latex/psnfss/omszplm.fd
File: omszplm.fd 2002/09/08 Fontinst v1.914 font definitions for OMS/zplm.
)
LaTeX Font Info:    Try loading font information for OMX+zplm on input line 301
.

(/usr/local/texlive/2017/texmf-dist/tex/latex/psnfss/omxzplm.fd
File: omxzplm.fd 2002/09/08 Fontinst v1.914 font definitions for OMX/zplm.
)
LaTeX Font Info:    Try loading font information for OT1+zplm on input line 301
.

(/usr/local/texlive/2017/texmf-dist/tex/latex/psnfss/ot1zplm.fd
File: ot1zplm.fd 2002/09/08 Fontinst v1.914 font definitions for OT1/zplm.
)
Package microtype Info: Loading generic settings for font family
(microtype)             `zplm' (encoding: OT1).
(microtype)             For optimal results, create family-specific settings.
(microtype)             See the microtype manual for details.
LaTeX Font Info:    Font shape `T1/pplj/bx/n' in size <9> not available
(Font)              Font shape `T1/pplj/b/n' tried instead on input line 388.
LaTeX Font Info:    Font shape `T1/phv/m/n' will be
(Font)              scaled to size 8.54997pt on input line 389.
Package microtype Info: Character `029' is missing
(microtype)             in font `T1/pplj/m/sc/9'.
(microtype)             Ignoring protrusion settings for this character.
LaTeX Font Info:    Font shape `T1/pplj/bx/n' in size <14.4> not available
(Font)              Font shape `T1/pplj/b/n' tried instead on input line 401.
 (./achemso.toc
LaTeX Font Info:    Font shape `T1/pplj/bx/n' in size <10> not available
(Font)              Font shape `T1/pplj/b/n' tried instead on input line 1.

LaTeX Font Warning: Font shape `T1/pplj/bx/sc' undefined
(Font)              using `T1/pplj/bx/n' instead on input line 14.

LaTeX Font Info:    Font shape `T1/phv/bx/n' in size <10> not available
(Font)              Font shape `T1/phv/b/n' tried instead on input line 15.
LaTeX Font Info:    Font shape `T1/phv/b/n' will be
(Font)              scaled to size 9.49997pt on input line 15.
LaTeX Font Info:    Font shape `T1/phv/m/n' will be
(Font)              scaled to size 9.49997pt on input line 23.

Overfull \hbox (7.82755pt too wide) in paragraph at lines 23--23
 [][] [] [][]  
 []

)
\tf@toc=\write9
\openout9 = `achemso.toc'.

Package microtype Info: Character `029' is missing
(microtype)             in font `T1/pplj/m/sc/10'.
(microtype)             Ignoring protrusion settings for this character.
 [1

]
LaTeX Font Info:    Try loading font information for T1+lmtt on input line 428.

 (/usr/local/texlive/2017/texmf-dist/tex/latex/lm/t1lmtt.fd
File: t1lmtt.fd 2009/10/30 v1.6 Font defs for Latin Modern
)
Package microtype Info: Loading generic settings for font family
(microtype)             `lmtt' (encoding: T1).
(microtype)             For optimal results, create family-specific settings.
(microtype)             See the microtype manual for details.

Overfull \hbox (26.92963pt too wide) in paragraph at lines 428--436
\T1/pplj/m/n/10 The pack-age is sup-plied in \T1/lmtt/m/n/10 dtx \T1/pplj/m/n/1
0 for-mat and as a pre-extracted zip file, \T1/lmtt/m/n/10 achemso.tds.zip\T1/p
plj/m/n/10 .
 []

LaTeX Font Info:    Try loading font information for OMS+pplj on input line 442
.
LaTeX Font Info:    No file OMSpplj.fd. on input line 442.

LaTeX Font Warning: Font shape `OMS/pplj/m/n' undefined
(Font)              using `OMS/cmsy/m/n' instead
(Font)              for symbol `textbullet' on input line 442.

[2]
LaTeX Font Info:    Font shape `T1/pplj/bx/n' in size <12> not available
(Font)              Font shape `T1/pplj/b/n' tried instead on input line 480.
 (/usr/local/texlive/2017/texmf-dist/tex/latex/listings/lstlang1.sty
File: lstlang1.sty 2015/06/04 1.6 listings language file
)
(/usr/local/texlive/2017/texmf-dist/tex/latex/listings/lstlang2.sty
File: lstlang2.sty 2015/06/04 1.6 listings language file
)
(/usr/local/texlive/2017/texmf-dist/tex/latex/listings/lstlang3.sty
File: lstlang3.sty 2015/06/04 1.6 listings language file
)
(/usr/local/texlive/2017/texmf-dist/tex/latex/listings/lstlang1.sty
File: lstlang1.sty 2015/06/04 1.6 listings language file
)
(/usr/local/texlive/2017/texmf-dist/tex/latex/listings/lstlang2.sty
File: lstlang2.sty 2015/06/04 1.6 listings language file
)
(/usr/local/texlive/2017/texmf-dist/tex/latex/listings/lstlang3.sty
File: lstlang3.sty 2015/06/04 1.6 listings language file
)
(/usr/local/texlive/2017/texmf-dist/tex/latex/listings/lstlang1.sty
File: lstlang1.sty 2015/06/04 1.6 listings language file
)
(/usr/local/texlive/2017/texmf-dist/tex/latex/listings/lstlang2.sty
File: lstlang2.sty 2015/06/04 1.6 listings language file
)
(/usr/local/texlive/2017/texmf-dist/tex/latex/listings/lstlang3.sty
File: lstlang3.sty 2015/06/04 1.6 listings language file
)
(/usr/local/texlive/2017/texmf-dist/tex/latex/listings/lstmisc.sty
File: lstmisc.sty 2015/06/04 1.6 (Carsten Heinz)
)

LaTeX Warning: Marginpar on page 3 moved.


LaTeX Warning: Marginpar on page 3 moved.


LaTeX Warning: Marginpar on page 3 moved.


LaTeX Warning: Marginpar on page 3 moved.

[3] [4]

LaTeX Warning: Marginpar on page 5 moved.


LaTeX Warning: Marginpar on page 5 moved.

[5]

LaTeX Warning: Marginpar on page 6 moved.


LaTeX Warning: Marginpar on page 6 moved.


LaTeX Warning: Marginpar on page 6 moved.


LaTeX Warning: Marginpar on page 6 moved.


LaTeX Warning: Marginpar on page 6 moved.


LaTeX Warning: Marginpar on page 6 moved.

[6]

LaTeX Warning: Marginpar on page 7 moved.

[7]

LaTeX Warning: Marginpar on page 8 moved.

\openout8 = `achemso.tmp'.


LaTeX Warning: Marginpar on page 8 moved.


LaTeX Warning: Marginpar on page 8 moved.

(./achemso.tmp
LaTeX Font Info:    Font shape `T1/pplj/bx/n' in size <7> not available
(Font)              Font shape `T1/pplj/b/n' tried instead on input line 1.


Package natbib Warning: Citation `Note-1' on page 8 undefined on input line 1.

)
LaTeX Font Info:    Font shape `T1/pplj/bx/sc' in size <14.4> not available
(Font)              Font shape `T1/pplj/b/n' tried instead on input line 866.
LaTeX Font Info:    Font shape `T1/pplj/bx/n' in size <7.6> not available
(Font)              Font shape `T1/pplj/b/n' tried instead on input line 896.


Package natbib Warning: Citation `Coghill2006' on page 8 undefined on input lin
e 896.

[8]
LaTeX Font Info:    Font shape `T1/phv/bx/n' in size <14.4> not available
(Font)              Font shape `T1/phv/b/n' tried instead on input line 917.
LaTeX Font Info:    Font shape `T1/phv/b/n' will be
(Font)              scaled to size 13.67995pt on input line 917.
\openout8 = `achemso.tmp'.

 (./achemso.tmp

Package natbib Warning: Citation `Coghill2006' on page 9 undefined on input lin
e 1.


Package natbib Warning: Citation `Coghill2006' on page 9 undefined on input lin
e 2.

)
\openout8 = `achemso.tmp'.

 (./achemso.tmp

Package natbib Warning: Citation `Coghill2006' on page 9 undefined on input lin
e 1.


Package natbib Warning: Citation `Coghill2006' on page 9 undefined on input lin
e 2.


Package natbib Warning: Citation `Coghill2006' on page 9 undefined on input lin
e 3.

)
\openout8 = `achemso.tmp'.

 (./achemso.tmp

Package natbib Warning: Citation `Coghill2006' on page 9 undefined on input lin
e 2.


Package natbib Warning: Citation `Coghill2006' on page 9 undefined on input lin
e 3.

) [9]
LaTeX Font Info:    Try loading font information for OT1+lmss on input line 972
.
 (/usr/local/texlive/2017/texmf-dist/tex/latex/lm/ot1lmss.fd
File: ot1lmss.fd 2009/10/30 v1.6 Font defs for Latin Modern
)
Package microtype Info: Loading generic settings for font family
(microtype)             `lmss' (encoding: OT1).
(microtype)             For optimal results, create family-specific settings.
(microtype)             See the microtype manual for details.
 [10]
[11] [12] [13] [14] [15] [16] [17]
Overfull \hbox (1.00009pt too wide) in paragraph at lines 1591--1591
 [][]  \T1/lmtt/m/n/9 \expandafter\gdef\csname @author@\@roman\acs@author@cnt\e
ndcsname{#1}% 
 []

[18]
Overfull \hbox (1.00009pt too wide) in paragraph at lines 1703--1703
 [][]    \T1/lmtt/m/n/9 \expandafter\xdef\csname @author@affil@\@roman\@tempcnt
b\endcsname{% 
 []

[19] [20]
Overfull \hbox (1.23634pt too wide) in paragraph at lines 1780--1780
 [][]        \T1/lmtt/m/n/9 \expandafter\xdef\csname @author@altaffil@\@roman\a
cs@author@cnt 
 []


Overfull \hbox (1.23634pt too wide) in paragraph at lines 1780--1780
 [][]        \T1/lmtt/m/n/9 \expandafter\xdef\csname @author@altaffil@\@roman\a
cs@author@cnt 
 []

[21] [22] [23] [24] [25] [26] [27] [28] [29] [30] [31] [32] [33] [34] [35]
[36] [37] [38] [39] [40] [41]
LaTeX Font Info:    Font shape `T1/phv/bx/n' in size <12> not available
(Font)              Font shape `T1/phv/b/n' tried instead on input line 3308.
LaTeX Font Info:    Font shape `T1/phv/b/n' will be
(Font)              scaled to size 11.39996pt on input line 3308.
 [42] [43] [44] [45]
Overfull \hbox (4.07133pt too wide) in paragraph at lines 3717--3717
 [][]\T1/lmtt/m/n/9 \def\acs@type@list{article,letter,perspective,review,viewpo
ints,suppinfo} 
 []

[46]
Overfull \hbox (13.52132pt too wide) in paragraph at lines 3717--3717
 [][]\T1/lmtt/m/n/9 \def\acs@type@list{article,letter,review,perspective,accoun
t,note,suppinfo} 
 []

[47] [48] [49] [50]
Overfull \hbox (1.23634pt too wide) in paragraph at lines 3929--3929
 [][]  \T1/lmtt/m/n/9 [2018/09/15 v3.12 achemso configuration: Environ. Sci. Te
chnol. Lett.] 
 []


Overfull \hbox (27.69629pt too wide) in paragraph at lines 3929--3929
 [][]\T1/lmtt/m/n/9 % \changes{v3.8m}{2014/11/24}{Fixes for \emph{Ind.\ Eng.\ C
hem.\ Res.}\ style} 
 []

[51] [52]
Overfull \hbox (56.04623pt too wide) in paragraph at lines 3929--3929
 [][]\T1/lmtt/m/n/9 \renewcommand*\acs@type@list{article,communication,note,per
spective,review,suppinfo} 
 []

[53] [54] [55] [56] [57]
No file achemso.gls.
No file achemso.ind.
No file achemso.bbl.
)

Package natbib Warning: There were undefined citations.

Package atveryend Info: Empty hook `BeforeClearDocument' on input line 162.
[58]
Package atveryend Info: Executing hook `AfterLastShipout' on input line 162.
 (./achemso.aux)
Package atveryend Info: Empty hook `AtVeryEndDocument' on input line 162.
Package atveryend Info: Executing hook `AtEndAfterFileList' on input line 162.
Package rerunfilecheck Info: File `achemso.out' has not changed.
(rerunfilecheck)             Checksum: A9A9F16163A9BF74994890484AFFA328;1610.
Package rerunfilecheck Info: File `achemso.hd' has not changed.
(rerunfilecheck)             Checksum: D41D8CD98F00B204E9800998ECF8427E;0.


LaTeX Font Warning: Some font shapes were not available, defaults substituted.

Package atveryend Info: Empty hook `AtVeryVeryEnd' on input line 162.
 ) 
Here is how much of TeX's memory you used:
 14144 strings out of 492996
 195433 string characters out of 6132730
 356591 words of memory out of 5000000
 17462 multiletter control sequences out of 15000+600000
 79883 words of font info for 93 fonts, out of 8000000 for 9000
 1141 hyphenation exceptions out of 8191
 62i,9n,123p,267b,2199s stack positions out of 5000i,500n,10000p,200000b,80000s

Output written on achemso.dvi (58 pages, 231064 bytes).
